<?xml version="1.0" encoding="UTF-8"?>
<!-- Generated by org.testng.reporters.JUnitReportReporter -->
<testsuite skipped="0" hostname="Admins-Mac-mini.local" name="com.crm.qa.testcases.LoginTest" tests="3" failures="0" timestamp="2023-07-28T13:15:16 IST" time="6.641" errors="0">
  <testcase name="SelectSlider" time="2.281" classname="com.crm.qa.testcases.LoginTest"/>
  <system-out/>
  <testcase name="EnterEmail" time="2.292" classname="com.crm.qa.testcases.LoginTest"/>
  <system-out/>
  <testcase name="clickOnSignIn" time="2.068" classname="com.crm.qa.testcases.LoginTest"/>
  <system-out/>
</testsuite> <!-- com.crm.qa.testcases.LoginTest -->
