<?xml version="1.0" encoding="UTF-8"?>
<!-- Generated by org.testng.reporters.JUnitReportReporter -->
<testsuite hostname="Admins-Mac-mini.local" failures="0" tests="4" name="com.crm.qa.testcases.landingTest" time="8.613" errors="0" timestamp="2023-05-29T15:39:21 IST" skipped="0">
  <testcase classname="com.crm.qa.testcases.landingTest" name="Logotest" time="2.108"/>
  <system-out/>
  <testcase classname="com.crm.qa.testcases.landingTest" name="Lighticon" time="2.182"/>
  <system-out/>
  <testcase classname="com.crm.qa.testcases.landingTest" name="Darkicon" time="2.128"/>
  <system-out/>
  <testcase classname="com.crm.qa.testcases.landingTest" name="Goto" time="2.195"/>
  <system-out/>
</testsuite> <!-- com.crm.qa.testcases.landingTest -->
