<?xml version="1.0" encoding="UTF-8"?>
<!-- Generated by org.testng.reporters.JUnitReportReporter -->
<testsuite skipped="0" hostname="Admins-Mac-mini.local" name="com.crm.qa.testcases.DraftTest" tests="1" failures="0" timestamp="2023-08-28T10:38:49 IST" time="40.990" errors="0">
  <testcase name="HoverSelectall" time="40.990" classname="com.crm.qa.testcases.DraftTest"/>
  <system-out/>
</testsuite> <!-- com.crm.qa.testcases.DraftTest -->
