<?xml version="1.0" encoding="UTF-8"?>
<!-- Generated by org.testng.reporters.JUnitReportReporter -->
<testsuite hostname="Admins-Mac-mini.local" failures="0" tests="1" name="com.crm.qa.testcases.LoginTest" time="2.064" errors="0" timestamp="2023-05-11T17:59:15 IST" skipped="0">
  <testcase classname="com.crm.qa.testcases.LoginTest" name="loginuser" time="2.064"/>
  <system-out/>
</testsuite> <!-- com.crm.qa.testcases.LoginTest -->
